{"/home/everton/spotify/src/App.tsx": {"path":"/home/everton/spotify/src/App.tsx","statementMap":{"0":{"start":{"line":5,"column":2},"end":{"line":5,"column":17}}},"fnMap":{"0":{"name":"App","decl":{"start":{"line":4,"column":9},"end":{"line":4,"column":12}},"loc":{"start":{"line":4,"column":15},"end":{"line":6,"column":1}},"line":4}},"branchMap":{},"s":{"0":0},"f":{"0":0},"b":{}}
,"/home/everton/spotify/src/main.tsx": {"path":"/home/everton/spotify/src/main.tsx","statementMap":{"0":{"start":{"line":6,"column":0},"end":{"line":10,"column":1}}},"fnMap":{},"branchMap":{},"s":{"0":0},"f":{},"b":{}}
,"/home/everton/spotify/src/vite-env.d.ts": {"path":"/home/everton/spotify/src/vite-env.d.ts","statementMap":{},"fnMap":{},"branchMap":{},"s":{},"f":{},"b":{}}
,"/home/everton/spotify/src/components/ui/Input/Input.tsx": {"path":"/home/everton/spotify/src/components/ui/Input/Input.tsx","statementMap":{"0":{"start":{"line":2,"column":2},"end":{"line":2,"column":30}}},"fnMap":{"0":{"name":"Input","decl":{"start":{"line":1,"column":16},"end":{"line":1,"column":21}},"loc":{"start":{"line":1,"column":24},"end":{"line":3,"column":1}},"line":1}},"branchMap":{},"s":{"0":1},"f":{"0":1},"b":{},"_coverageSchema":"1a1c01bbd47fc00a2c39e90264f33305004495a9","hash":"7811b7fd7c47563d18e45c5f244ffc7a2280859e"}
,"/home/everton/spotify/src/components/ui/Input/index.ts": {"path":"/home/everton/spotify/src/components/ui/Input/index.ts","statementMap":{},"fnMap":{},"branchMap":{},"s":{},"f":{},"b":{},"_coverageSchema":"1a1c01bbd47fc00a2c39e90264f33305004495a9","hash":"15b5f41bdbd13c13eb44bfa52f0291e551285a52"}
,"/home/everton/spotify/src/components/ui/Logo/Logo.tsx": {"path":"/home/everton/spotify/src/components/ui/Logo/Logo.tsx","statementMap":{"0":{"start":{"line":4,"column":2},"end":{"line":4,"column":62}}},"fnMap":{"0":{"name":"Logo","decl":{"start":{"line":3,"column":16},"end":{"line":3,"column":20}},"loc":{"start":{"line":3,"column":23},"end":{"line":5,"column":1}},"line":3}},"branchMap":{},"s":{"0":1},"f":{"0":1},"b":{},"_coverageSchema":"1a1c01bbd47fc00a2c39e90264f33305004495a9","hash":"ac547596c75e23548cec1ae449ab8705007b8e75"}
,"/home/everton/spotify/src/components/ui/Logo/index.ts": {"path":"/home/everton/spotify/src/components/ui/Logo/index.ts","statementMap":{},"fnMap":{},"branchMap":{},"s":{},"f":{},"b":{}}
}
